[debug] [2021-05-25T11:43:44.754Z] ----------------------------------------------------------------------
[debug] [2021-05-25T11:43:44.757Z] Command:       C:\Program Files\nodejs\node.exe C:\Users\352826\AppData\Roaming\npm\node_modules\firebase-tools\lib\bin\firebase.js init
[debug] [2021-05-25T11:43:44.757Z] CLI Version:   9.11.0
[debug] [2021-05-25T11:43:44.757Z] Platform:      win32
[debug] [2021-05-25T11:43:44.757Z] Node Version:  v14.16.0
[debug] [2021-05-25T11:43:44.760Z] Time:          Tue May 25 2021 17:13:44 GMT+0530 (India Standard Time)
[debug] [2021-05-25T11:43:44.760Z] ----------------------------------------------------------------------
[debug] 
[debug] [2021-05-25T11:43:44.772Z] > command requires scopes: ["email","openid","https://www.googleapis.com/auth/cloudplatformprojects.readonly","https://www.googleapis.com/auth/firebase","https://www.googleapis.com/auth/cloud-platform"]
[debug] [2021-05-25T11:43:44.772Z] > authorizing via signed-in user (harshi.nagam@gmail.com)
[info] 
     ######## #### ########  ######## ########     ###     ######  ########
     ##        ##  ##     ## ##       ##     ##  ##   ##  ##       ##
     ######    ##  ########  ######   ########  #########  ######  ######
     ##        ##  ##    ##  ##       ##     ## ##     ##       ## ##
     ##       #### ##     ## ######## ########  ##     ##  ######  ########

You're about to initialize a Firebase project in this directory:

  C:\Users\352826\my-app-funtions

Before we get started, keep in mind:

  * You are initializing in an existing Firebase project directory

[info] 
=== Project Setup
[info] 
[info] First, let's associate this project directory with a Firebase project.
[info] You can create multiple project aliases by running firebase use --add, 
[info] but for now we'll just set up a default project.
[info] 
[info] i  .firebaserc already has a default project, using carear-playground. 
[debug] [2021-05-25T11:43:51.270Z] >>> [apiv2][query] GET https://firebase.googleapis.com/v1beta1/projects/carear-playground [none]
[debug] [2021-05-25T11:43:51.743Z] <<< [apiv2][status] GET https://firebase.googleapis.com/v1beta1/projects/carear-playground 403
[debug] [2021-05-25T11:43:51.743Z] <<< [apiv2][body] GET https://firebase.googleapis.com/v1beta1/projects/carear-playground {"error":{"code":403,"message":"The caller does not have permission","status":"PERMISSION_DENIED"}}
[debug] [2021-05-25T11:43:51.744Z] HTTP Error: 403, The caller does not have permission
[debug] [2021-05-25T11:43:51.882Z] FirebaseError: HTTP Error: 403, The caller does not have permission
    at module.exports (C:\Users\352826\AppData\Roaming\npm\node_modules\firebase-tools\lib\responseToError.js:38:12)
    at Client.doRequest (C:\Users\352826\AppData\Roaming\npm\node_modules\firebase-tools\lib\apiv2.js:238:23)
    at processTicksAndRejections (internal/process/task_queues.js:93:5)
    at async Client.request (C:\Users\352826\AppData\Roaming\npm\node_modules\firebase-tools\lib\apiv2.js:96:20)
    at async Object.getFirebaseProject (C:\Users\352826\AppData\Roaming\npm\node_modules\firebase-tools\lib\management\projects.js:290:21)
    at async Object.doSetup [as project] (C:\Users\352826\AppData\Roaming\npm\node_modules\firebase-tools\lib\init\features\project.js:77:27)
    at async init (C:\Users\352826\AppData\Roaming\npm\node_modules\firebase-tools\lib\init\index.js:19:9)
[error] 
[error] Error: Failed to get Firebase project carear-playground. Please make sure the project exists and your account has permission to access it.
